#
# There is insufficient memory for the Java Runtime Environment to continue.
# Native memory allocation (malloc) failed to allocate 1048576 bytes for AllocateHeap
# Possible reasons:
#   The system is out of physical RAM or swap space
#   The process is running with CompressedOops enabled, and the Java Heap may be blocking the growth of the native heap
# Possible solutions:
#   Reduce memory load on the system
#   Increase physical memory or swap space
#   Check if swap backing store is full
#   Decrease Java heap size (-Xmx/-Xms)
#   Decrease number of Java threads
#   Decrease Java thread stack sizes (-Xss)
#   Set larger code cache with -XX:ReservedCodeCacheSize=
#   JVM is running with Unscaled Compressed Oops mode in which the Java heap is
#     placed in the first 4GB address space. The Java Heap base address is the
#     maximum limit for the native heap growth. Please use -XX:HeapBaseMinAddress
#     to set the Java Heap base and to place the Java Heap above 4GB virtual address.
# This output file may be truncated or incomplete.
#
#  Out of Memory Error (t:/workspace/open/src/hotspot/share/memory/allocation.cpp:45), pid=9576, tid=13052
#
# JRE version: Java(TM) SE Runtime Environment (13.0.2+8) (build 13.0.2+8)
# Java VM: Java HotSpot(TM) 64-Bit Server VM (13.0.2+8, mixed mode, sharing, tiered, compressed oops, g1 gc, windows-amd64)
# No core dump will be written. Minidumps are not enabled by default on client versions of Windows
#

---------------  S U M M A R Y ------------

Command Line: -Dfile.encoding=UTF-8 com.enigma.isma.App

Host: Intel(R) Core(TM) i3-5005U CPU @ 2.00GHz, 4 cores, 3G,  Windows 10 , 64 bit Build 17134 (10.0.17134.753)
Time: Fri Apr 10 22:11:59 2020 SE Asia Standard Time elapsed time: 0 seconds (0d 0h 0m 0s)

---------------  T H R E A D  ---------------

Current thread (0x00000286c56ce000):  VMThread "VM Thread" [stack: 0x000000a4ac200000,0x000000a4ac300000] [id=13052]

Stack: [0x000000a4ac200000,0x000000a4ac300000]
[error occurred during error reporting (printing stack bounds), id 0xc0000005, EXCEPTION_ACCESS_VIOLATION (0xc0000005) at pc=0x00000286b1ba10ad]

Native frames: (J=compiled Java code, j=interpreted, Vv=VM code, C=native code)
V  [jvm.dll+0x624f9a]
V  [jvm.dll+0x770cfa]
V  [jvm.dll+0x7724af]
V  [jvm.dll+0x772a15]
V  [jvm.dll+0x7729cb]
V  [jvm.dll+0x6244df]
C  [ntdll.dll+0x678d8]
C  [ntdll.dll+0xd4fa]
C  [ntdll.dll+0x9e70e]
C  0x00000286b1ba10ad

VM_Operation (0x000000a4abcf9b50): CollectForMetadataAllocation, mode: safepoint, requested by thread 0x00000286a96a3800


---------------  P R O C E S S  ---------------

Threads class SMR info:
_java_thread_list=0x00000286c6539fb0, length=10, elements={
0x00000286a96a3800, 0x00000286c56d0800, 0x00000286c56d4800, 0x00000286c56f0800,
0x00000286c56f3800, 0x00000286c56f5800, 0x00000286c56fb800, 0x00000286c5734000,
0x00000286c6554000, 0x00000286c6563800
}

Java Threads: ( => current thread )
  0x00000286a96a3800 JavaThread "main" [_thread_blocked, id=3292, stack(0x000000a4abc00000,0x000000a4abd00000)]
  0x00000286c56d0800 JavaThread "Reference Handler" daemon [_thread_blocked, id=10184, stack(0x000000a4ac300000,0x000000a4ac400000)]
  0x00000286c56d4800 JavaThread "Finalizer" daemon [_thread_blocked, id=17824, stack(0x000000a4ac400000,0x000000a4ac500000)]
  0x00000286c56f0800 JavaThread "Signal Dispatcher" daemon [_thread_blocked, id=7760, stack(0x000000a4ac500000,0x000000a4ac600000)]
  0x00000286c56f3800 JavaThread "Attach Listener" daemon [_thread_blocked, id=3464, stack(0x000000a4ac600000,0x000000a4ac700000)]
  0x00000286c56f5800 JavaThread "C2 CompilerThread0" daemon [_thread_blocked, id=9336, stack(0x000000a4ac700000,0x000000a4ac800000)]
  0x00000286c56fb800 JavaThread "C1 CompilerThread0" daemon [_thread_blocked, id=3468, stack(0x000000a4ac800000,0x000000a4ac900000)]
  0x00000286c5734000 JavaThread "Sweeper thread" daemon [_thread_blocked, id=3176, stack(0x000000a4ac900000,0x000000a4aca00000)]
  0x00000286c6554000 JavaThread "Service Thread" daemon [_thread_blocked, id=8620, stack(0x000000a4aca00000,0x000000a4acb00000)]
  0x00000286c6563800 JavaThread "Common-Cleaner" daemon [_thread_blocked, id=15520, stack(0x000000a4acc00000,0x000000a4acd00000)]

Other Threads:
=>0x00000286c56ce000 VMThread "VM Thread" [stack: 0x000000a4ac200000,0x000000a4ac300000] [id=13052]
  0x00000286c655b000 WatcherThread [stack: 0x000000a4acb00000,0x000000a4acc00000] [id=2844]
  0x00000286a96d3000 GCTaskThread "GC Thread#0" [stack: 0x000000a4abd00000,0x000000a4abe00000] [id=18260]
  0x00000286c6574000 GCTaskThread "GC Thread#1" [stack: 0x000000a4acd00000,0x000000a4ace00000] [id=13176]
  0x00000286a96df000 ConcurrentGCThread "G1 Main Marker" [stack: 0x000000a4abe00000,0x000000a4abf00000] [id=17168]
  0x00000286a96e1000 ConcurrentGCThread "G1 Conc#0" [stack: 0x000000a4abf00000,0x000000a4ac000000] [id=16680]
  0x00000286a976a800 ConcurrentGCThread "G1 Refine#0" [stack: 0x000000a4ac000000,0x000000a4ac100000] [id=11672]
  0x00000286a976d000 ConcurrentGCThread "G1 Young RemSet Sampling" [stack: 0x000000a4ac100000,0x000000a4ac200000] [id=18192]

Threads with active compile tasks:

VM state:at safepoint (normal execution)

VM Mutex/Monitor currently owned by a thread:  ([mutex/lock_event])
[0x00000286a96a13f0] Threads_lock - owner thread: 0x00000286c56ce000
[0x00000286a96a0dc0] Heap_lock - owner thread: 0x00000286a96a3800

Heap address: 0x00000000c1400000, size: 1004 MB, Compressed Oops mode: 32-bit
Narrow klass base: 0x0000000800000000, Narrow klass shift: 3
Compressed class space size: 1073741824 Address: 0x0000000800b40000

Heap:
 garbage-first heap   total 65536K, used 2865K [0x00000000c1400000, 0x0000000100000000)
  region size 1024K, 2 young (2048K), 2 survivors (2048K)
 Metaspace       used 1027K, capacity 1432K, committed 1536K, reserved 1073152K
  class space    used 69K, capacity 428K, committed 512K, reserved 1048576K
Heap Regions: E=young(eden), S=young(survivor), O=old, HS=humongous(starts), HC=humongous(continues), CS=collection set, F=free, A=archive, TAMS=top-at-mark-start (previous, next)
|   0|0x00000000c1400000, 0x00000000c1500000, 0x00000000c1500000|100%|HS|  |TAMS 0x00000000c1400000, 0x00000000c1500000| Complete 
|   1|0x00000000c1500000, 0x00000000c1500000, 0x00000000c1600000|  0%| F|  |TAMS 0x00000000c1500000, 0x00000000c1500000| Untracked 
|   2|0x00000000c1600000, 0x00000000c1600000, 0x00000000c1700000|  0%| F|  |TAMS 0x00000000c1600000, 0x00000000c1600000| Untracked 
|   3|0x00000000c1700000, 0x00000000c1700000, 0x00000000c1800000|  0%| F|  |TAMS 0x00000000c1700000, 0x00000000c1700000| Untracked 
|   4|0x00000000c1800000, 0x00000000c1800000, 0x00000000c1900000|  0%| F|  |TAMS 0x00000000c1800000, 0x00000000c1800000| Untracked 
|   5|0x00000000c1900000, 0x00000000c1900000, 0x00000000c1a00000|  0%| F|  |TAMS 0x00000000c1900000, 0x00000000c1900000| Untracked 
|   6|0x00000000c1a00000, 0x00000000c1a00000, 0x00000000c1b00000|  0%| F|  |TAMS 0x00000000c1a00000, 0x00000000c1a00000| Untracked 
|   7|0x00000000c1b00000, 0x00000000c1b00000, 0x00000000c1c00000|  0%| F|  |TAMS 0x00000000c1b00000, 0x00000000c1b00000| Untracked 
|   8|0x00000000c1c00000, 0x00000000c1c00000, 0x00000000c1d00000|  0%| F|  |TAMS 0x00000000c1c00000, 0x00000000c1c00000| Untracked 
|   9|0x00000000c1d00000, 0x00000000c1d00000, 0x00000000c1e00000|  0%| F|  |TAMS 0x00000000c1d00000, 0x00000000c1d00000| Untracked 
|  10|0x00000000c1e00000, 0x00000000c1e00000, 0x00000000c1f00000|  0%| F|  |TAMS 0x00000000c1e00000, 0x00000000c1e00000| Untracked 
|  11|0x00000000c1f00000, 0x00000000c1f00000, 0x00000000c2000000|  0%| F|  |TAMS 0x00000000c1f00000, 0x00000000c1f00000| Untracked 
|  12|0x00000000c2000000, 0x00000000c2000000, 0x00000000c2100000|  0%| F|  |TAMS 0x00000000c2000000, 0x00000000c2000000| Untracked 
|  13|0x00000000c2100000, 0x00000000c2100000, 0x00000000c2200000|  0%| F|  |TAMS 0x00000000c2100000, 0x00000000c2100000| Untracked 
|  14|0x00000000c2200000, 0x00000000c2200000, 0x00000000c2300000|  0%| F|  |TAMS 0x00000000c2200000, 0x00000000c2200000| Untracked 
|  15|0x00000000c2300000, 0x00000000c2300000, 0x00000000c2400000|  0%| F|  |TAMS 0x00000000c2300000, 0x00000000c2300000| Untracked 
|  16|0x00000000c2400000, 0x00000000c2400000, 0x00000000c2500000|  0%| F|  |TAMS 0x00000000c2400000, 0x00000000c2400000| Untracked 
|  17|0x00000000c2500000, 0x00000000c2500000, 0x00000000c2600000|  0%| F|  |TAMS 0x00000000c2500000, 0x00000000c2500000| Untracked 
|  18|0x00000000c2600000, 0x00000000c2600000, 0x00000000c2700000|  0%| F|  |TAMS 0x00000000c2600000, 0x00000000c2600000| Untracked 
|  19|0x00000000c2700000, 0x00000000c2700000, 0x00000000c2800000|  0%| F|  |TAMS 0x00000000c2700000, 0x00000000c2700000| Untracked 
|  20|0x00000000c2800000, 0x00000000c2800000, 0x00000000c2900000|  0%| F|  |TAMS 0x00000000c2800000, 0x00000000c2800000| Untracked 
|  21|0x00000000c2900000, 0x00000000c2900000, 0x00000000c2a00000|  0%| F|  |TAMS 0x00000000c2900000, 0x00000000c2900000| Untracked 
|  22|0x00000000c2a00000, 0x00000000c2a00000, 0x00000000c2b00000|  0%| F|  |TAMS 0x00000000c2a00000, 0x00000000c2a00000| Untracked 
|  23|0x00000000c2b00000, 0x00000000c2b00000, 0x00000000c2c00000|  0%| F|  |TAMS 0x00000000c2b00000, 0x00000000c2b00000| Untracked 
|  24|0x00000000c2c00000, 0x00000000c2c00000, 0x00000000c2d00000|  0%| F|  |TAMS 0x00000000c2c00000, 0x00000000c2c00000| Untracked 
|  25|0x00000000c2d00000, 0x00000000c2d00000, 0x00000000c2e00000|  0%| F|  |TAMS 0x00000000c2d00000, 0x00000000c2d00000| Untracked 
|  26|0x00000000c2e00000, 0x00000000c2e00000, 0x00000000c2f00000|  0%| F|  |TAMS 0x00000000c2e00000, 0x00000000c2e00000| Untracked 
|  27|0x00000000c2f00000, 0x00000000c2f00000, 0x00000000c3000000|  0%| F|  |TAMS 0x00000000c2f00000, 0x00000000c2f00000| Untracked 
|  28|0x00000000c3000000, 0x00000000c3000000, 0x00000000c3100000|  0%| F|  |TAMS 0x00000000c3000000, 0x00000000c3000000| Untracked 
|  29|0x00000000c3100000, 0x00000000c3100000, 0x00000000c3200000|  0%| F|  |TAMS 0x00000000c3100000, 0x00000000c3100000| Untracked 
|  30|0x00000000c3200000, 0x00000000c3200000, 0x00000000c3300000|  0%| F|  |TAMS 0x00000000c3200000, 0x00000000c3200000| Untracked 
|  31|0x00000000c3300000, 0x00000000c3300000, 0x00000000c3400000|  0%| F|  |TAMS 0x00000000c3300000, 0x00000000c3300000| Untracked 
|  32|0x00000000c3400000, 0x00000000c3400000, 0x00000000c3500000|  0%| F|  |TAMS 0x00000000c3400000, 0x00000000c3400000| Untracked 
|  33|0x00000000c3500000, 0x00000000c3500000, 0x00000000c3600000|  0%| F|  |TAMS 0x00000000c3500000, 0x00000000c3500000| Untracked 
|  34|0x00000000c3600000, 0x00000000c3600000, 0x00000000c3700000|  0%| F|  |TAMS 0x00000000c3600000, 0x00000000c3600000| Untracked 
|  35|0x00000000c3700000, 0x00000000c3700000, 0x00000000c3800000|  0%| F|  |TAMS 0x00000000c3700000, 0x00000000c3700000| Untracked 
|  36|0x00000000c3800000, 0x00000000c3800000, 0x00000000c3900000|  0%| F|  |TAMS 0x00000000c3800000, 0x00000000c3800000| Untracked 
|  37|0x00000000c3900000, 0x00000000c39cc4a0, 0x00000000c3a00000| 79%| S|CS|TAMS 0x00000000c3900000, 0x00000000c3900000| Complete 
|  38|0x00000000c3a00000, 0x00000000c3b00000, 0x00000000c3b00000|100%| S|CS|TAMS 0x00000000c3a00000, 0x00000000c3a00000| Complete 
|  39|0x00000000c3b00000, 0x00000000c3b00000, 0x00000000c3c00000|  0%| F|  |TAMS 0x00000000c3b00000, 0x00000000c3b00000| Untracked 
|  40|0x00000000c3c00000, 0x00000000c3c00000, 0x00000000c3d00000|  0%| F|  |TAMS 0x00000000c3c00000, 0x00000000c3c00000| Untracked 
|  41|0x00000000c3d00000, 0x00000000c3d00000, 0x00000000c3e00000|  0%| F|  |TAMS 0x00000000c3d00000, 0x00000000c3d00000| Untracked 
|  42|0x00000000c3e00000, 0x00000000c3e00000, 0x00000000c3f00000|  0%| F|  |TAMS 0x00000000c3e00000, 0x00000000c3e00000| Untracked 
|  43|0x00000000c3f00000, 0x00000000c3f00000, 0x00000000c4000000|  0%| F|  |TAMS 0x00000000c3f00000, 0x00000000c3f00000| Untracked 
|  44|0x00000000c4000000, 0x00000000c4000000, 0x00000000c4100000|  0%| F|  |TAMS 0x00000000c4000000, 0x00000000c4000000| Untracked 
|  45|0x00000000c4100000, 0x00000000c4100000, 0x00000000c4200000|  0%| F|  |TAMS 0x00000000c4100000, 0x00000000c4100000| Untracked 
|  46|0x00000000c4200000, 0x00000000c4200000, 0x00000000c4300000|  0%| F|  |TAMS 0x00000000c4200000, 0x00000000c4200000| Untracked 
|  47|0x00000000c4300000, 0x00000000c4300000, 0x00000000c4400000|  0%| F|  |TAMS 0x00000000c4300000, 0x00000000c4300000| Untracked 
|  48|0x00000000c4400000, 0x00000000c4400000, 0x00000000c4500000|  0%| F|  |TAMS 0x00000000c4400000, 0x00000000c4400000| Untracked 
|  49|0x00000000c4500000, 0x00000000c4500000, 0x00000000c4600000|  0%| F|  |TAMS 0x00000000c4500000, 0x00000000c4500000| Untracked 
|  50|0x00000000c4600000, 0x00000000c4600000, 0x00000000c4700000|  0%| F|  |TAMS 0x00000000c4600000, 0x00000000c4600000| Untracked 
|  51|0x00000000c4700000, 0x00000000c4700000, 0x00000000c4800000|  0%| F|  |TAMS 0x00000000c4700000, 0x00000000c4700000| Untracked 
|  52|0x00000000c4800000, 0x00000000c4800000, 0x00000000c4900000|  0%| F|  |TAMS 0x00000000c4800000, 0x00000000c4800000| Untracked 
|  53|0x00000000c4900000, 0x00000000c4900000, 0x00000000c4a00000|  0%| F|  |TAMS 0x00000000c4900000, 0x00000000c4900000| Untracked 
|  54|0x00000000c4a00000, 0x00000000c4a00000, 0x00000000c4b00000|  0%| F|  |TAMS 0x00000000c4a00000, 0x00000000c4a00000| Untracked 
|  55|0x00000000c4b00000, 0x00000000c4b00000, 0x00000000c4c00000|  0%| F|  |TAMS 0x00000000c4b00000, 0x00000000c4b00000| Untracked 
|  56|0x00000000c4c00000, 0x00000000c4c00000, 0x00000000c4d00000|  0%| F|  |TAMS 0x00000000c4c00000, 0x00000000c4c00000| Untracked 
|  57|0x00000000c4d00000, 0x00000000c4d00000, 0x00000000c4e00000|  0%| F|  |TAMS 0x00000000c4d00000, 0x00000000c4d00000| Untracked 
|  58|0x00000000c4e00000, 0x00000000c4e00000, 0x00000000c4f00000|  0%| F|  |TAMS 0x00000000c4e00000, 0x00000000c4e00000| Untracked 
|  59|0x00000000c4f00000, 0x00000000c4f00000, 0x00000000c5000000|  0%| F|  |TAMS 0x00000000c4f00000, 0x00000000c4f00000| Untracked 
|  60|0x00000000c5000000, 0x00000000c5000000, 0x00000000c5100000|  0%| F|  |TAMS 0x00000000c5000000, 0x00000000c5000000| Untracked 
|  61|0x00000000c5100000, 0x00000000c5100000, 0x00000000c5200000|  0%| F|  |TAMS 0x00000000c5100000, 0x00000000c5100000| Untracked 
|  62|0x00000000c5200000, 0x00000000c5200000, 0x00000000c5300000|  0%| F|  |TAMS 0x00000000c5200000, 0x00000000c5200000| Untracked 
|  63|0x00000000c5300000, 0x00000000c5300000, 0x00000000c5400000|  0%| F|  |TAMS 0x00000000c5300000, 0x00000000c5300000| Untracked 

Card table byte_map: [0x00000286c0da0000,0x00000286c0fa0000] _byte_map_base: 0x00000286c0796000

Marking Bits (Prev, Next): (CMBitMap*) 0x00000286a96d3ae8, (CMBitMap*) 0x00000286a96d3b28
 Prev Bits: [0x00000286c11a0000, 0x00000286c2150000)
 Next Bits: [0x00000286c2150000, 0x00000286c3100000)

Polling page: 0x00000286a7560000

Metaspace:

Usage:
  Non-class:   1004.00 KB capacity,   958.22 KB ( 95%) used,    43.97 KB (  4%) free+waste,     1.81 KB ( <1%) overhead. 
      Class:    428.00 KB capacity,    69.62 KB ( 16%) used,   357.82 KB ( 84%) free+waste,   576 bytes ( <1%) overhead. 
       Both:      1.40 MB capacity,     1.00 MB ( 72%) used,   401.79 KB ( 28%) free+waste,     2.38 KB ( <1%) overhead. 

Virtual space:
  Non-class space:       24.00 MB reserved,       1.00 MB (  4%) committed 
      Class space:        1.00 GB reserved,     512.00 KB ( <1%) committed 
             Both:        1.02 GB reserved,       1.50 MB ( <1%) committed 

Chunk freelists:
   Non-Class:  20.00 KB
       Class:  20.00 KB
        Both:  40.00 KB

MaxMetaspaceSize: 17179869184.00 GB
CompressedClassSpaceSize: 1.00 GB

CodeHeap 'non-profiled nmethods': size=120000Kb used=78Kb max_used=78Kb free=119922Kb
 bounds [0x00000286b9670000, 0x00000286b98e0000, 0x00000286c0ba0000]
CodeHeap 'profiled nmethods': size=120000Kb used=286Kb max_used=286Kb free=119713Kb
 bounds [0x00000286b2140000, 0x00000286b23b0000, 0x00000286b9670000]
CodeHeap 'non-nmethods': size=5760Kb used=1115Kb max_used=1115Kb free=4644Kb
 bounds [0x00000286b1ba0000, 0x00000286b1e10000, 0x00000286b2140000]
 total_blobs=937 nmethods=233 adapters=257
 compilation: enabled
              stopped_count=0, restarted_count=0
 full_count=0

Compilation events (20 events):
Event: 0.413 Thread 0x00000286c56fb800  221   !   3       java.nio.DirectByteBuffer::get (28 bytes)
Event: 0.414 Thread 0x00000286c56fb800 nmethod 221 0x00000286b2183610 code [0x00000286b2183800, 0x00000286b2183c70]
Event: 0.414 Thread 0x00000286c56fb800  222       3       java.nio.Buffer::nextGetIndex (31 bytes)
Event: 0.414 Thread 0x00000286c56fb800 nmethod 222 0x00000286b2183e90 code [0x00000286b2184040, 0x00000286b2184290]
Event: 0.414 Thread 0x00000286c56fb800  224       3       java.util.Optional::orElse (16 bytes)
Event: 0.414 Thread 0x00000286c56fb800 nmethod 224 0x00000286b2184390 code [0x00000286b2184540, 0x00000286b2184718]
Event: 0.415 Thread 0x00000286c56fb800  225       3       java.lang.StringUTF16::compress (50 bytes)
Event: 0.415 Thread 0x00000286c56fb800 nmethod 225 0x00000286b2184790 code [0x00000286b2184940, 0x00000286b2184bd8]
Event: 0.415 Thread 0x00000286c56fb800  226       3       jdk.internal.jimage.ImageStringsReader::unmaskedHashCode (173 bytes)
Event: 0.416 Thread 0x00000286c56fb800 nmethod 226 0x00000286b2184d90 code [0x00000286b2184fe0, 0x00000286b2185c40]
Event: 0.417 Thread 0x00000286c56fb800  227       3       java.nio.Buffer::position (55 bytes)
Event: 0.418 Thread 0x00000286c56fb800 nmethod 227 0x00000286b2186190 code [0x00000286b2186340, 0x00000286b2186630]
Event: 0.418 Thread 0x00000286c56fb800  228       3       java.lang.Character::toLowerCase (6 bytes)
Event: 0.418 Thread 0x00000286c56fb800 nmethod 228 0x00000286b2186710 code [0x00000286b21868e0, 0x00000286b2186ba0]
Event: 0.418 Thread 0x00000286c56fb800  229   !   3       java.lang.ref.ReferenceQueue::poll (28 bytes)
Event: 0.419 Thread 0x00000286c56fb800 nmethod 229 0x00000286b2186c90 code [0x00000286b2186e40, 0x00000286b2187210]
Event: 0.420 Thread 0x00000286c56fb800  231       3       java.lang.ref.Reference::<init> (25 bytes)
Event: 0.421 Thread 0x00000286c56fb800 nmethod 231 0x00000286b2187310 code [0x00000286b21874c0, 0x00000286b21877b8]
Event: 0.421 Thread 0x00000286c56fb800  233       1       java.lang.invoke.MethodType::returnType (5 bytes)
Event: 0.421 Thread 0x00000286c56fb800 nmethod 233 0x00000286b9683490 code [0x00000286b9683620, 0x00000286b9683758]

GC Heap History (4 events):
Event: 0.251 GC heap before
{Heap before GC invocations=0 (full 0):
 garbage-first heap   total 65536K, used 14336K [0x00000000c1400000, 0x0000000100000000)
  region size 1024K, 14 young (14336K), 0 survivors (0K)
 Metaspace       used 276K, capacity 676K, committed 1024K, reserved 1060864K
  class space    used 14K, capacity 388K, committed 512K, reserved 1048576K
}
Event: 0.256 GC heap after
{Heap after GC invocations=1 (full 0):
 garbage-first heap   total 65536K, used 1745K [0x00000000c1400000, 0x0000000100000000)
  region size 1024K, 1 young (1024K), 1 survivors (1024K)
 Metaspace       used 276K, capacity 676K, committed 1024K, reserved 1060864K
  class space    used 14K, capacity 388K, committed 512K, reserved 1048576K
}
Event: 0.422 GC heap before
{Heap before GC invocations=1 (full 0):
 garbage-first heap   total 65536K, used 24273K [0x00000000c1400000, 0x0000000100000000)
  region size 1024K, 25 young (25600K), 1 survivors (1024K)
 Metaspace       used 1027K, capacity 1432K, committed 1536K, reserved 1071104K
  class space    used 69K, capacity 428K, committed 512K, reserved 1048576K
}
Event: 0.427 GC heap after
{Heap after GC invocations=2 (full 0):
 garbage-first heap   total 65536K, used 2865K [0x00000000c1400000, 0x0000000100000000)
  region size 1024K, 2 young (2048K), 2 survivors (2048K)
 Metaspace       used 1027K, capacity 1432K, committed 1536K, reserved 1071104K
  class space    used 69K, capacity 428K, committed 512K, reserved 1048576K
}

Deoptimization events (20 events):
Event: 0.210 Thread 0x00000286a96a3800 DEOPT PACKING pc=0x00000286b216348e sp=0x000000a4abcfd700
Event: 0.210 Thread 0x00000286a96a3800 DEOPT UNPACKING pc=0x00000286b1be964e sp=0x000000a4abcfcba0 mode 0
Event: 0.211 Thread 0x00000286a96a3800 DEOPT PACKING pc=0x00000286b216348e sp=0x000000a4abcfd700
Event: 0.211 Thread 0x00000286a96a3800 DEOPT UNPACKING pc=0x00000286b1be964e sp=0x000000a4abcfcba0 mode 0
Event: 0.220 Thread 0x00000286a96a3800 Uncommon trap: trap_request=0xffffff45 fr.pc=0x00000286b9676858 relative=0x0000000000000038
Event: 0.220 Thread 0x00000286a96a3800 Uncommon trap: reason=unstable_if action=reinterpret pc=0x00000286b9676858 method=java.lang.Math.max(II)I @ 2 c2
Event: 0.220 Thread 0x00000286a96a3800 DEOPT PACKING pc=0x00000286b9676858 sp=0x000000a4abcfd890
Event: 0.220 Thread 0x00000286a96a3800 DEOPT UNPACKING pc=0x00000286b1be912f sp=0x000000a4abcfd828 mode 2
Event: 0.290 Thread 0x00000286a96a3800 DEOPT PACKING pc=0x00000286b216beab sp=0x000000a4abcfdb90
Event: 0.290 Thread 0x00000286a96a3800 DEOPT UNPACKING pc=0x00000286b1be964e sp=0x000000a4abcfd060 mode 0
Event: 0.302 Thread 0x00000286a96a3800 DEOPT PACKING pc=0x00000286b216c3d0 sp=0x000000a4abcf8520
Event: 0.302 Thread 0x00000286a96a3800 DEOPT UNPACKING pc=0x00000286b1be964e sp=0x000000a4abcf79c0 mode 0
Event: 0.308 Thread 0x00000286a96a3800 DEOPT PACKING pc=0x00000286b2169182 sp=0x000000a4abcfb960
Event: 0.308 Thread 0x00000286a96a3800 DEOPT UNPACKING pc=0x00000286b1be964e sp=0x000000a4abcfadf0 mode 0
Event: 0.347 Thread 0x00000286a96a3800 DEOPT PACKING pc=0x00000286b216c3d0 sp=0x000000a4abcfca90
Event: 0.347 Thread 0x00000286a96a3800 DEOPT UNPACKING pc=0x00000286b1be964e sp=0x000000a4abcfbf30 mode 0
Event: 0.349 Thread 0x00000286a96a3800 Uncommon trap: trap_request=0xffffff45 fr.pc=0x00000286b967be18 relative=0x0000000000000178
Event: 0.349 Thread 0x00000286a96a3800 Uncommon trap: reason=unstable_if action=reinterpret pc=0x00000286b967be18 method=java.util.zip.ZipFile$Source.isMetaName([BII)Z @ 43 c2
Event: 0.349 Thread 0x00000286a96a3800 DEOPT PACKING pc=0x00000286b967be18 sp=0x000000a4abcfcb40
Event: 0.350 Thread 0x00000286a96a3800 DEOPT UNPACKING pc=0x00000286b1be912f sp=0x000000a4abcfcae8 mode 2

Classes unloaded (0 events):
No events

Classes redefined (0 events):
No events

Internal exceptions (0 events):
No events

Events (20 events):
Event: 0.386 loading class javax/transaction/SystemException done
Event: 0.391 loading class org/jboss/logging/LoggerProviders
Event: 0.391 loading class org/jboss/logging/LoggerProviders done
Event: 0.392 loading class org/jboss/logging/LoggerProvider
Event: 0.392 loading class org/jboss/logging/LoggerProvider done
Event: 0.392 loading class java/util/ServiceConfigurationError
Event: 0.392 loading class java/util/ServiceConfigurationError done
Event: 0.392 loading class java/lang/IllegalStateException
Event: 0.393 loading class java/lang/IllegalStateException done
Event: 0.393 loading class org/jboss/logging/LoggerProviders$1
Event: 0.393 loading class org/jboss/logging/LoggerProviders$1 done
Event: 0.405 loading class java/lang/Module$ReflectionData
Event: 0.405 loading class java/lang/Module$ReflectionData done
Event: 0.406 loading class java/lang/WeakPairMap
Event: 0.406 loading class java/lang/WeakPairMap done
Event: 0.406 loading class java/lang/WeakPairMap$Pair
Event: 0.406 loading class java/lang/WeakPairMap$Pair done
Event: 0.406 loading class java/lang/WeakPairMap$Pair$Lookup
Event: 0.406 loading class java/lang/WeakPairMap$Pair$Lookup done
Event: 0.422 Executing VM operation: CollectForMetadataAllocation


Dynamic libraries:
0x00007ff784ee0000 - 0x00007ff784eef000 	C:\Program Files\Java\jdk-13.0.2\bin\javaw.exe
0x00007ffd9f350000 - 0x00007ffd9f531000 	C:\WINDOWS\SYSTEM32\ntdll.dll
0x00007ffd98040000 - 0x00007ffd98055000 	C:\Program Files\AVAST Software\Avast\aswhook.dll
0x00007ffd9c800000 - 0x00007ffd9c8b1000 	C:\WINDOWS\System32\KERNEL32.DLL
0x00007ffd9c190000 - 0x00007ffd9c403000 	C:\WINDOWS\System32\KERNELBASE.dll
0x00007ffd9c410000 - 0x00007ffd9c508000 	C:\WINDOWS\System32\ucrtbase.dll
0x00007ffd944a0000 - 0x00007ffd944b8000 	C:\Program Files\Java\jdk-13.0.2\bin\jli.dll
0x00007ffd9c9d0000 - 0x00007ffd9ca71000 	C:\WINDOWS\System32\ADVAPI32.dll
0x00007ffd9c930000 - 0x00007ffd9c9ce000 	C:\WINDOWS\System32\msvcrt.dll
0x00007ffd9d380000 - 0x00007ffd9d3db000 	C:\WINDOWS\System32\sechost.dll
0x00007ffd9ed90000 - 0x00007ffd9eeb4000 	C:\WINDOWS\System32\RPCRT4.dll
0x00007ffd9d3e0000 - 0x00007ffd9d570000 	C:\WINDOWS\System32\USER32.dll
0x00007ffd9c7b0000 - 0x00007ffd9c7d0000 	C:\WINDOWS\System32\win32u.dll
0x00007ffd9ce20000 - 0x00007ffd9ce48000 	C:\WINDOWS\System32\GDI32.dll
0x00007ffd9c510000 - 0x00007ffd9c6a1000 	C:\WINDOWS\System32\gdi32full.dll
0x00007ffd9c010000 - 0x00007ffd9c0af000 	C:\WINDOWS\System32\msvcp_win.dll
0x00007ffd943d0000 - 0x00007ffd943e5000 	C:\Program Files\Java\jdk-13.0.2\bin\VCRUNTIME140.dll
0x00007ffd87a60000 - 0x00007ffd87cc9000 	C:\WINDOWS\WinSxS\amd64_microsoft.windows.common-controls_6595b64144ccf1df_6.0.17134.1006_none_d3fbb8f77c940c3f\COMCTL32.dll
0x00007ffd9d050000 - 0x00007ffd9d371000 	C:\WINDOWS\System32\combase.dll
0x00007ffd9c0b0000 - 0x00007ffd9c129000 	C:\WINDOWS\System32\bcryptPrimitives.dll
0x00007ffd92f40000 - 0x00007ffd92f4a000 	C:\WINDOWS\SYSTEM32\VERSION.dll
0x00007ffd9d640000 - 0x00007ffd9d66d000 	C:\WINDOWS\System32\IMM32.DLL
0x00007ffd7b080000 - 0x00007ffd7b11b000 	C:\Program Files\Java\jdk-13.0.2\bin\msvcp140.dll
0x00007ffd62880000 - 0x00007ffd633dd000 	C:\Program Files\Java\jdk-13.0.2\bin\server\jvm.dll
0x00007ffd9c920000 - 0x00007ffd9c928000 	C:\WINDOWS\System32\PSAPI.DLL
0x00007ffd89fe0000 - 0x00007ffd89fe9000 	C:\WINDOWS\SYSTEM32\WSOCK32.dll
0x00007ffd9d5d0000 - 0x00007ffd9d63c000 	C:\WINDOWS\System32\WS2_32.dll
0x00007ffd99930000 - 0x00007ffd99953000 	C:\WINDOWS\SYSTEM32\WINMM.dll
0x00007ffd99900000 - 0x00007ffd9992a000 	C:\WINDOWS\SYSTEM32\WINMMBASE.dll
0x00007ffd9c760000 - 0x00007ffd9c7a9000 	C:\WINDOWS\System32\cfgmgr32.dll
0x00007ffd9b6b0000 - 0x00007ffd9b6c1000 	C:\WINDOWS\System32\kernel.appcore.dll
0x00007ffd941e0000 - 0x00007ffd941f0000 	C:\Program Files\Java\jdk-13.0.2\bin\verify.dll
0x00007ffd92910000 - 0x00007ffd92ad9000 	C:\WINDOWS\SYSTEM32\DBGHELP.DLL
0x00007ffd92f80000 - 0x00007ffd92fa9000 	C:\WINDOWS\SYSTEM32\dbgcore.DLL
0x00007ffd90080000 - 0x00007ffd900a6000 	C:\Program Files\Java\jdk-13.0.2\bin\java.dll
0x00007ffd8eb60000 - 0x00007ffd8eb77000 	C:\Program Files\Java\jdk-13.0.2\bin\zip.dll
0x00007ffd94190000 - 0x00007ffd9419a000 	C:\Program Files\Java\jdk-13.0.2\bin\jimage.dll
0x00007ffd9d940000 - 0x00007ffd9ed82000 	C:\WINDOWS\System32\SHELL32.dll
0x00007ffd9cd70000 - 0x00007ffd9ce19000 	C:\WINDOWS\System32\shcore.dll
0x00007ffd9b900000 - 0x00007ffd9c00e000 	C:\WINDOWS\System32\windows.storage.dll
0x00007ffd9cff0000 - 0x00007ffd9d041000 	C:\WINDOWS\System32\shlwapi.dll
0x00007ffd9b6f0000 - 0x00007ffd9b70f000 	C:\WINDOWS\System32\profapi.dll
0x00007ffd9b650000 - 0x00007ffd9b69c000 	C:\WINDOWS\System32\powrprof.dll
0x00007ffd9b6a0000 - 0x00007ffd9b6aa000 	C:\WINDOWS\System32\FLTLIB.DLL
0x00007ffd8e500000 - 0x00007ffd8e519000 	C:\Program Files\Java\jdk-13.0.2\bin\net.dll
0x00007ffd925b0000 - 0x00007ffd9268d000 	C:\WINDOWS\SYSTEM32\WINHTTP.dll
0x00007ffd9aed0000 - 0x00007ffd9af36000 	C:\WINDOWS\system32\mswsock.dll
0x00007ffd8c2e0000 - 0x00007ffd8c2f3000 	C:\Program Files\Java\jdk-13.0.2\bin\nio.dll

dbghelp: loaded successfully - version: 4.0.5 - missing functions: none
symbol engine: initialized successfully - sym options: 0x614 - pdb path: .;C:\Program Files\Java\jdk-13.0.2\bin;C:\WINDOWS\SYSTEM32;C:\Program Files\AVAST Software\Avast;C:\WINDOWS\WinSxS\amd64_microsoft.windows.common-controls_6595b64144ccf1df_6.0.17134.1006_none_d3fbb8f77c940c3f;C:\Program Files\Java\jdk-13.0.2\bin\server

VM Arguments:
jvm_args: -Dfile.encoding=UTF-8 
java_command: com.enigma.isma.App
java_class_path (initial): C:\enigma\week-6\tugas13\book_rental\target\classes;C:\Users\lenovo\.m2\repository\org\hibernate\hibernate-core\5.4.3.Final\hibernate-core-5.4.3.Final.jar;C:\Users\lenovo\.m2\repository\org\jboss\logging\jboss-logging\3.3.2.Final\jboss-logging-3.3.2.Final.jar;C:\Users\lenovo\.m2\repository\javax\persistence\javax.persistence-api\2.2\javax.persistence-api-2.2.jar;C:\Users\lenovo\.m2\repository\org\javassist\javassist\3.24.0-GA\javassist-3.24.0-GA.jar;C:\Users\lenovo\.m2\repository\net\bytebuddy\byte-buddy\1.9.10\byte-buddy-1.9.10.jar;C:\Users\lenovo\.m2\repository\antlr\antlr\2.7.7\antlr-2.7.7.jar;C:\Users\lenovo\.m2\repository\org\jboss\spec\javax\transaction\jboss-transaction-api_1.2_spec\1.1.1.Final\jboss-transaction-api_1.2_spec-1.1.1.Final.jar;C:\Users\lenovo\.m2\repository\org\jboss\jandex\2.0.5.Final\jandex-2.0.5.Final.jar;C:\Users\lenovo\.m2\repository\com\fasterxml\classmate\1.3.4\classmate-1.3.4.jar;C:\Users\lenovo\.m2\repository\javax\activation\javax.activation-api\1.2.0\javax.activation-api-1.2.0.jar;C:\Users\lenovo\.m2\repository\org\dom4j\dom4j\2.1.1\dom4j-2.1.1.jar;C:\Users\lenovo\.m2\repository\org\hibernate\common\hibernate-commons-annotations\5.1.0.Final\hibernate-commons-annotations-5.1.0.Final.jar;C:\Users\lenovo\.m2\repository\javax\xml\bind\jaxb-api\2.3.1\jaxb-api-2.3.1.jar;C:\Users\lenovo\.m2\repository\org\glassfish\jaxb\jaxb-runtime\2.3.1\jaxb-runtime-2.3.1.jar;C:\Users\lenovo\.m2\repository\org\glassfish\jaxb\txw2\2.3.1\txw2-2.3.1.jar;C:\Users\lenovo\.m2\repository\com\sun\istack\istack-commons-runtime\3.0.7\istack-commons-runtime-3.0.7.jar;C:\Users\lenovo\.m2\repository\org\jvnet\staxex\stax-ex\1.8\stax-ex-1.8.jar;C:\Users\lenovo\.m2\repository\com\sun\xml\fastinfoset\FastInfoset\1.2.15\FastInfoset-1.2.15.jar;C:\Users\lenovo\.m2\repository\mysql\mysql-connector-java\5.1.36\mysql-connector-java-5.1.36.jar
Launcher Type: SUN_STANDARD

[Global flags]
     intx CICompilerCount                          = 3                                         {product} {ergonomic}
     uint ConcGCThreads                            = 1                                         {product} {ergonomic}
     uint G1ConcRefinementThreads                  = 4                                         {product} {ergonomic}
   size_t G1HeapRegionSize                         = 1048576                                   {product} {ergonomic}
    uintx GCDrainStackTargetSize                   = 64                                        {product} {ergonomic}
   size_t InitialHeapSize                          = 67108864                                  {product} {ergonomic}
   size_t MarkStackSize                            = 4194304                                   {product} {ergonomic}
   size_t MaxHeapSize                              = 1052770304                                {product} {ergonomic}
   size_t MaxNewSize                               = 631242752                                 {product} {ergonomic}
   size_t MinHeapDeltaBytes                        = 1048576                                   {product} {ergonomic}
   size_t MinHeapSize                              = 8388608                                   {product} {ergonomic}
    uintx NonNMethodCodeHeapSize                   = 5832780                                {pd product} {ergonomic}
    uintx NonProfiledCodeHeapSize                  = 122912730                              {pd product} {ergonomic}
    uintx ProfiledCodeHeapSize                     = 122912730                              {pd product} {ergonomic}
    uintx ReservedCodeCacheSize                    = 251658240                              {pd product} {ergonomic}
     bool SegmentedCodeCache                       = true                                      {product} {ergonomic}
   size_t SoftMaxHeapSize                          = 1052770304                             {manageable} {ergonomic}
     bool UseCompressedClassPointers               = true                                 {lp64_product} {ergonomic}
     bool UseCompressedOops                        = true                                 {lp64_product} {ergonomic}
     bool UseG1GC                                  = true                                      {product} {ergonomic}
     bool UseLargePagesIndividualAllocation        = false                                  {pd product} {ergonomic}

Logging:
Log output configuration:
 #0: stdout all=warning uptime,level,tags
 #1: stderr all=off uptime,level,tags

Environment Variables:
JAVA_HOME=C:\Program Files (x86)\Java\jre1.8.0_241
PATH=C:/Program Files/Java/jdk-13.0.2/bin/server;C:/Program Files/Java/jdk-13.0.2/bin;C:\Program Files (x86)\Common Files\Oracle\Java\javapath;C:\WINDOWS\system32;C:\WINDOWS;C:\WINDOWS\System32\Wbem;C:\WINDOWS\System32\WindowsPowerShell\v1.0\;C:\Program Files\IBM\SPSS\Statistics\Subscription\JRE\bin;C:\WINDOWS\System32\OpenSSH\;C:\Program Files (x86)\Git\cmd;C:\apache-maven-3.6.3;C:\Users\lenovo\AppData\Local\Programs\Microsoft VS Code\bin;C:\Users\lenovo\Desktop;
USERNAME=lenovo
OS=Windows_NT
PROCESSOR_IDENTIFIER=Intel64 Family 6 Model 61 Stepping 4, GenuineIntel



---------------  S Y S T E M  ---------------

OS: Windows 10 , 64 bit Build 17134 (10.0.17134.753)

CPU:total 4 (initial active 4) (2 cores per cpu, 2 threads per core) family 6 model 61 stepping 4, cmov, cx8, fxsr, mmx, sse, sse2, sse3, ssse3, sse4.1, sse4.2, popcnt, avx, avx2, aes, clmul, erms, 3dnowpref, lzcnt, ht, tsc, tscinvbit, bmi1, bmi2, adx, fma

Memory: 4k page, system-wide physical 4008M (519M free)
TotalPageFile size 16296M (AvailPageFile size 1M)
current process WorkingSet (physical memory assigned to process): 57M, peak: 57M
current process commit charge ("private bytes"): 138M, peak: 139M

vm_info: Java HotSpot(TM) 64-Bit Server VM (13.0.2+8) for windows-amd64 JRE (13.0.2+8), built on Dec 11 2019 09:20:33 by "mach5one" with unknown MS VC++:1916

END.
