#
# There is insufficient memory for the Java Runtime Environment to continue.
# Native memory allocation (malloc) failed to allocate 365920 bytes for Chunk::new
# Possible reasons:
#   The system is out of physical RAM or swap space
#   The process is running with CompressedOops enabled, and the Java Heap may be blocking the growth of the native heap
# Possible solutions:
#   Reduce memory load on the system
#   Increase physical memory or swap space
#   Check if swap backing store is full
#   Decrease Java heap size (-Xmx/-Xms)
#   Decrease number of Java threads
#   Decrease Java thread stack sizes (-Xss)
#   Set larger code cache with -XX:ReservedCodeCacheSize=
#   JVM is running with Unscaled Compressed Oops mode in which the Java heap is
#     placed in the first 4GB address space. The Java Heap base address is the
#     maximum limit for the native heap growth. Please use -XX:HeapBaseMinAddress
#     to set the Java Heap base and to place the Java Heap above 4GB virtual address.
# This output file may be truncated or incomplete.
#
#  Out of Memory Error (t:/workspace/open/src/hotspot/share/memory/arena.cpp:196), pid=17260, tid=17088
#
# JRE version: Java(TM) SE Runtime Environment (13.0.2+8) (build 13.0.2+8)
# Java VM: Java HotSpot(TM) 64-Bit Server VM (13.0.2+8, mixed mode, sharing, tiered, compressed oops, g1 gc, windows-amd64)
# No core dump will be written. Minidumps are not enabled by default on client versions of Windows
#

---------------  S U M M A R Y ------------

Command Line: -Dfile.encoding=UTF-8 com.enigma.isma.App

Host: Intel(R) Core(TM) i3-5005U CPU @ 2.00GHz, 4 cores, 3G,  Windows 10 , 64 bit Build 17134 (10.0.17134.753)
Time: Fri Apr 10 22:10:47 2020 SE Asia Standard Time elapsed time: 1 seconds (0d 0h 0m 1s)

---------------  T H R E A D  ---------------

Current thread (0x0000025dee337800):  JavaThread "C2 CompilerThread0" daemon [_thread_in_native, id=17088, stack(0x000000a217d00000,0x000000a217e00000)]


Current CompileTask:
C2:   1694  821       4       java.util.HashMap::putVal (300 bytes)

Stack: [0x000000a217d00000,0x000000a217e00000]
Native frames: (J=compiled Java code, j=interpreted, Vv=VM code, C=native code)
V  [jvm.dll+0x624f9a]
V  [jvm.dll+0x770cfa]
V  [jvm.dll+0x7724af]
V  [jvm.dll+0x772ab3]
V  [jvm.dll+0x24bf08]
V  [jvm.dll+0xc1e47]
V  [jvm.dll+0xc23cc]
V  [jvm.dll+0x35c0c5]
V  [jvm.dll+0x327803]
V  [jvm.dll+0x326bda]
V  [jvm.dll+0x205c27]
V  [jvm.dll+0x204e3f]
V  [jvm.dll+0x189c2c]
V  [jvm.dll+0x213e6d]
V  [jvm.dll+0x2120bb]
V  [jvm.dll+0x736bb6]
V  [jvm.dll+0x72fcaa]
V  [jvm.dll+0x623ea6]
C  [ucrtbase.dll+0x1e3fe]
C  [KERNEL32.DLL+0x14034]
C  [ntdll.dll+0x73691]


---------------  P R O C E S S  ---------------

Threads class SMR info:
_java_thread_list=0x0000025def537b10, length=11, elements={
0x0000025dd2321800, 0x0000025dee30f000, 0x0000025dee312000, 0x0000025dee329800,
0x0000025dee32b800, 0x0000025dee337800, 0x0000025dee353800, 0x0000025dee365000,
0x0000025deedc0000, 0x0000025deedc5800, 0x0000025def579800
}

Java Threads: ( => current thread )
  0x0000025dd2321800 JavaThread "main" [_thread_in_Java, id=12776, stack(0x000000a217200000,0x000000a217300000)]
  0x0000025dee30f000 JavaThread "Reference Handler" daemon [_thread_blocked, id=18244, stack(0x000000a217900000,0x000000a217a00000)]
  0x0000025dee312000 JavaThread "Finalizer" daemon [_thread_blocked, id=16512, stack(0x000000a217a00000,0x000000a217b00000)]
  0x0000025dee329800 JavaThread "Signal Dispatcher" daemon [_thread_blocked, id=3756, stack(0x000000a217b00000,0x000000a217c00000)]
  0x0000025dee32b800 JavaThread "Attach Listener" daemon [_thread_blocked, id=13520, stack(0x000000a217c00000,0x000000a217d00000)]
=>0x0000025dee337800 JavaThread "C2 CompilerThread0" daemon [_thread_in_native, id=17088, stack(0x000000a217d00000,0x000000a217e00000)]
  0x0000025dee353800 JavaThread "C1 CompilerThread0" daemon [_thread_blocked, id=13796, stack(0x000000a217e00000,0x000000a217f00000)]
  0x0000025dee365000 JavaThread "Sweeper thread" daemon [_thread_blocked, id=10716, stack(0x000000a217f00000,0x000000a218000000)]
  0x0000025deedc0000 JavaThread "Service Thread" daemon [_thread_blocked, id=18296, stack(0x000000a218000000,0x000000a218100000)]
  0x0000025deedc5800 JavaThread "Common-Cleaner" daemon [_thread_blocked, id=5684, stack(0x000000a218200000,0x000000a218300000)]
  0x0000025def579800 JavaThread "C2 CompilerThread1" daemon [_thread_in_vm, id=17604, stack(0x000000a218400000,0x000000a218500000)]

Other Threads:
  0x0000025dee30e000 VMThread "VM Thread" [stack: 0x000000a217800000,0x000000a217900000] [id=5264]
  0x0000025deedc0800 WatcherThread [stack: 0x000000a218100000,0x000000a218200000] [id=11808]
  0x0000025dd2352800 GCTaskThread "GC Thread#0" [stack: 0x000000a217300000,0x000000a217400000] [id=17056]
  0x0000025deedbf000 GCTaskThread "GC Thread#1" [stack: 0x000000a218300000,0x000000a218400000] [id=13760]
  0x0000025dd235c800 ConcurrentGCThread "G1 Main Marker" [stack: 0x000000a217400000,0x000000a217500000] [id=16468]
  0x0000025dd2363000 ConcurrentGCThread "G1 Conc#0" [stack: 0x000000a217500000,0x000000a217600000] [id=13916]
  0x0000025dd23b6800 ConcurrentGCThread "G1 Refine#0" [stack: 0x000000a217600000,0x000000a217700000] [id=15648]
  0x0000025dd23b9000 ConcurrentGCThread "G1 Young RemSet Sampling" [stack: 0x000000a217700000,0x000000a217800000] [id=9636]

Threads with active compile tasks:
C2 CompilerThread0     1973  821       4       java.util.HashMap::putVal (300 bytes)
C2 CompilerThread1     1974  913       4       java.util.HashMap::get (23 bytes)

VM state:not at safepoint (normal execution)

VM Mutex/Monitor currently owned by a thread: None

Heap address: 0x00000000c1400000, size: 1004 MB, Compressed Oops mode: 32-bit
Narrow klass base: 0x0000000800000000, Narrow klass shift: 3
Compressed class space size: 1073741824 Address: 0x0000000800b40000

Heap:
 garbage-first heap   total 65536K, used 10234K [0x00000000c1400000, 0x0000000100000000)
  region size 1024K, 10 young (10240K), 3 survivors (3072K)
 Metaspace       used 7354K, capacity 8986K, committed 9216K, reserved 1060864K
  class space    used 1003K, capacity 1168K, committed 1280K, reserved 1048576K
Heap Regions: E=young(eden), S=young(survivor), O=old, HS=humongous(starts), HC=humongous(continues), CS=collection set, F=free, A=archive, TAMS=top-at-mark-start (previous, next)
|   0|0x00000000c1400000, 0x00000000c1500000, 0x00000000c1500000|100%|HS|  |TAMS 0x00000000c1400000, 0x00000000c1400000| Complete 
|   1|0x00000000c1500000, 0x00000000c1500000, 0x00000000c1600000|  0%| F|  |TAMS 0x00000000c1500000, 0x00000000c1500000| Untracked 
|   2|0x00000000c1600000, 0x00000000c1600000, 0x00000000c1700000|  0%| F|  |TAMS 0x00000000c1600000, 0x00000000c1600000| Untracked 
|   3|0x00000000c1700000, 0x00000000c1700000, 0x00000000c1800000|  0%| F|  |TAMS 0x00000000c1700000, 0x00000000c1700000| Untracked 
|   4|0x00000000c1800000, 0x00000000c1800000, 0x00000000c1900000|  0%| F|  |TAMS 0x00000000c1800000, 0x00000000c1800000| Untracked 
|   5|0x00000000c1900000, 0x00000000c1900000, 0x00000000c1a00000|  0%| F|  |TAMS 0x00000000c1900000, 0x00000000c1900000| Untracked 
|   6|0x00000000c1a00000, 0x00000000c1a00000, 0x00000000c1b00000|  0%| F|  |TAMS 0x00000000c1a00000, 0x00000000c1a00000| Untracked 
|   7|0x00000000c1b00000, 0x00000000c1b00000, 0x00000000c1c00000|  0%| F|  |TAMS 0x00000000c1b00000, 0x00000000c1b00000| Untracked 
|   8|0x00000000c1c00000, 0x00000000c1c00000, 0x00000000c1d00000|  0%| F|  |TAMS 0x00000000c1c00000, 0x00000000c1c00000| Untracked 
|   9|0x00000000c1d00000, 0x00000000c1d00000, 0x00000000c1e00000|  0%| F|  |TAMS 0x00000000c1d00000, 0x00000000c1d00000| Untracked 
|  10|0x00000000c1e00000, 0x00000000c1e00000, 0x00000000c1f00000|  0%| F|  |TAMS 0x00000000c1e00000, 0x00000000c1e00000| Untracked 
|  11|0x00000000c1f00000, 0x00000000c1f00000, 0x00000000c2000000|  0%| F|  |TAMS 0x00000000c1f00000, 0x00000000c1f00000| Untracked 
|  12|0x00000000c2000000, 0x00000000c2000000, 0x00000000c2100000|  0%| F|  |TAMS 0x00000000c2000000, 0x00000000c2000000| Untracked 
|  13|0x00000000c2100000, 0x00000000c2100000, 0x00000000c2200000|  0%| F|  |TAMS 0x00000000c2100000, 0x00000000c2100000| Untracked 
|  14|0x00000000c2200000, 0x00000000c2200000, 0x00000000c2300000|  0%| F|  |TAMS 0x00000000c2200000, 0x00000000c2200000| Untracked 
|  15|0x00000000c2300000, 0x00000000c2300000, 0x00000000c2400000|  0%| F|  |TAMS 0x00000000c2300000, 0x00000000c2300000| Untracked 
|  16|0x00000000c2400000, 0x00000000c2400000, 0x00000000c2500000|  0%| F|  |TAMS 0x00000000c2400000, 0x00000000c2400000| Untracked 
|  17|0x00000000c2500000, 0x00000000c2500000, 0x00000000c2600000|  0%| F|  |TAMS 0x00000000c2500000, 0x00000000c2500000| Untracked 
|  18|0x00000000c2600000, 0x00000000c2600000, 0x00000000c2700000|  0%| F|  |TAMS 0x00000000c2600000, 0x00000000c2600000| Untracked 
|  19|0x00000000c2700000, 0x00000000c2700000, 0x00000000c2800000|  0%| F|  |TAMS 0x00000000c2700000, 0x00000000c2700000| Untracked 
|  20|0x00000000c2800000, 0x00000000c2800000, 0x00000000c2900000|  0%| F|  |TAMS 0x00000000c2800000, 0x00000000c2800000| Untracked 
|  21|0x00000000c2900000, 0x00000000c2900000, 0x00000000c2a00000|  0%| F|  |TAMS 0x00000000c2900000, 0x00000000c2900000| Untracked 
|  22|0x00000000c2a00000, 0x00000000c2a00000, 0x00000000c2b00000|  0%| F|  |TAMS 0x00000000c2a00000, 0x00000000c2a00000| Untracked 
|  23|0x00000000c2b00000, 0x00000000c2bfea50, 0x00000000c2c00000| 99%| S|CS|TAMS 0x00000000c2b00000, 0x00000000c2b00000| Complete 
|  24|0x00000000c2c00000, 0x00000000c2d00000, 0x00000000c2d00000|100%| S|CS|TAMS 0x00000000c2c00000, 0x00000000c2c00000| Complete 
|  25|0x00000000c2d00000, 0x00000000c2e00000, 0x00000000c2e00000|100%| S|CS|TAMS 0x00000000c2d00000, 0x00000000c2d00000| Complete 
|  26|0x00000000c2e00000, 0x00000000c2e00000, 0x00000000c2f00000|  0%| F|  |TAMS 0x00000000c2e00000, 0x00000000c2e00000| Untracked 
|  27|0x00000000c2f00000, 0x00000000c2f00000, 0x00000000c3000000|  0%| F|  |TAMS 0x00000000c2f00000, 0x00000000c2f00000| Untracked 
|  28|0x00000000c3000000, 0x00000000c3000000, 0x00000000c3100000|  0%| F|  |TAMS 0x00000000c3000000, 0x00000000c3000000| Untracked 
|  29|0x00000000c3100000, 0x00000000c3100000, 0x00000000c3200000|  0%| F|  |TAMS 0x00000000c3100000, 0x00000000c3100000| Untracked 
|  30|0x00000000c3200000, 0x00000000c3200000, 0x00000000c3300000|  0%| F|  |TAMS 0x00000000c3200000, 0x00000000c3200000| Untracked 
|  31|0x00000000c3300000, 0x00000000c3300000, 0x00000000c3400000|  0%| F|  |TAMS 0x00000000c3300000, 0x00000000c3300000| Untracked 
|  32|0x00000000c3400000, 0x00000000c3400000, 0x00000000c3500000|  0%| F|  |TAMS 0x00000000c3400000, 0x00000000c3400000| Untracked 
|  33|0x00000000c3500000, 0x00000000c3500000, 0x00000000c3600000|  0%| F|  |TAMS 0x00000000c3500000, 0x00000000c3500000| Untracked 
|  34|0x00000000c3600000, 0x00000000c3600000, 0x00000000c3700000|  0%| F|  |TAMS 0x00000000c3600000, 0x00000000c3600000| Untracked 
|  35|0x00000000c3700000, 0x00000000c3700000, 0x00000000c3800000|  0%| F|  |TAMS 0x00000000c3700000, 0x00000000c3700000| Untracked 
|  36|0x00000000c3800000, 0x00000000c3800000, 0x00000000c3900000|  0%| F|  |TAMS 0x00000000c3800000, 0x00000000c3800000| Untracked 
|  37|0x00000000c3900000, 0x00000000c3900000, 0x00000000c3a00000|  0%| F|  |TAMS 0x00000000c3900000, 0x00000000c3900000| Untracked 
|  38|0x00000000c3a00000, 0x00000000c3a00000, 0x00000000c3b00000|  0%| F|  |TAMS 0x00000000c3a00000, 0x00000000c3a00000| Untracked 
|  39|0x00000000c3b00000, 0x00000000c3b00000, 0x00000000c3c00000|  0%| F|  |TAMS 0x00000000c3b00000, 0x00000000c3b00000| Untracked 
|  40|0x00000000c3c00000, 0x00000000c3c00000, 0x00000000c3d00000|  0%| F|  |TAMS 0x00000000c3c00000, 0x00000000c3c00000| Untracked 
|  41|0x00000000c3d00000, 0x00000000c3d00000, 0x00000000c3e00000|  0%| F|  |TAMS 0x00000000c3d00000, 0x00000000c3d00000| Untracked 
|  42|0x00000000c3e00000, 0x00000000c3e00000, 0x00000000c3f00000|  0%| F|  |TAMS 0x00000000c3e00000, 0x00000000c3e00000| Untracked 
|  43|0x00000000c3f00000, 0x00000000c3f00000, 0x00000000c4000000|  0%| F|  |TAMS 0x00000000c3f00000, 0x00000000c3f00000| Untracked 
|  44|0x00000000c4000000, 0x00000000c4000000, 0x00000000c4100000|  0%| F|  |TAMS 0x00000000c4000000, 0x00000000c4000000| Untracked 
|  45|0x00000000c4100000, 0x00000000c4100000, 0x00000000c4200000|  0%| F|  |TAMS 0x00000000c4100000, 0x00000000c4100000| Untracked 
|  46|0x00000000c4200000, 0x00000000c4200000, 0x00000000c4300000|  0%| F|  |TAMS 0x00000000c4200000, 0x00000000c4200000| Untracked 
|  47|0x00000000c4300000, 0x00000000c4300000, 0x00000000c4400000|  0%| F|  |TAMS 0x00000000c4300000, 0x00000000c4300000| Untracked 
|  48|0x00000000c4400000, 0x00000000c4400000, 0x00000000c4500000|  0%| F|  |TAMS 0x00000000c4400000, 0x00000000c4400000| Untracked 
|  49|0x00000000c4500000, 0x00000000c4500000, 0x00000000c4600000|  0%| F|  |TAMS 0x00000000c4500000, 0x00000000c4500000| Untracked 
|  50|0x00000000c4600000, 0x00000000c4600000, 0x00000000c4700000|  0%| F|  |TAMS 0x00000000c4600000, 0x00000000c4600000| Untracked 
|  51|0x00000000c4700000, 0x00000000c4700000, 0x00000000c4800000|  0%| F|  |TAMS 0x00000000c4700000, 0x00000000c4700000| Untracked 
|  52|0x00000000c4800000, 0x00000000c4800000, 0x00000000c4900000|  0%| F|  |TAMS 0x00000000c4800000, 0x00000000c4800000| Untracked 
|  53|0x00000000c4900000, 0x00000000c4900000, 0x00000000c4a00000|  0%| F|  |TAMS 0x00000000c4900000, 0x00000000c4900000| Untracked 
|  54|0x00000000c4a00000, 0x00000000c4a00000, 0x00000000c4b00000|  0%| F|  |TAMS 0x00000000c4a00000, 0x00000000c4a00000| Untracked 
|  55|0x00000000c4b00000, 0x00000000c4b00000, 0x00000000c4c00000|  0%| F|  |TAMS 0x00000000c4b00000, 0x00000000c4b00000| Untracked 
|  56|0x00000000c4c00000, 0x00000000c4c00000, 0x00000000c4d00000|  0%| F|  |TAMS 0x00000000c4c00000, 0x00000000c4c00000| Untracked 
|  57|0x00000000c4d00000, 0x00000000c4d81380, 0x00000000c4e00000| 50%| E|  |TAMS 0x00000000c4d00000, 0x00000000c4d00000| Complete 
|  58|0x00000000c4e00000, 0x00000000c4f00000, 0x00000000c4f00000|100%| E|CS|TAMS 0x00000000c4e00000, 0x00000000c4e00000| Complete 
|  59|0x00000000c4f00000, 0x00000000c5000000, 0x00000000c5000000|100%| E|CS|TAMS 0x00000000c4f00000, 0x00000000c4f00000| Complete 
|  60|0x00000000c5000000, 0x00000000c5100000, 0x00000000c5100000|100%| E|CS|TAMS 0x00000000c5000000, 0x00000000c5000000| Complete 
|  61|0x00000000c5100000, 0x00000000c5200000, 0x00000000c5200000|100%| E|CS|TAMS 0x00000000c5100000, 0x00000000c5100000| Complete 
|  62|0x00000000c5200000, 0x00000000c5300000, 0x00000000c5300000|100%| E|CS|TAMS 0x00000000c5200000, 0x00000000c5200000| Complete 
|  63|0x00000000c5300000, 0x00000000c5400000, 0x00000000c5400000|100%| E|CS|TAMS 0x00000000c5300000, 0x00000000c5300000| Complete 

Card table byte_map: [0x0000025de9a20000,0x0000025de9c20000] _byte_map_base: 0x0000025de9416000

Marking Bits (Prev, Next): (CMBitMap*) 0x0000025dd23539a8, (CMBitMap*) 0x0000025dd23539e8
 Prev Bits: [0x0000025de9e20000, 0x0000025deadd0000)
 Next Bits: [0x0000025deadd0000, 0x0000025debd80000)

Polling page: 0x0000025dd02c0000

Metaspace:

Usage:
  Non-class:      7.63 MB capacity,     6.21 MB ( 81%) used,     1.42 MB ( 19%) free+waste,    10.69 KB ( <1%) overhead. 
      Class:      1.14 MB capacity,  1007.05 KB ( 86%) used,   154.89 KB ( 13%) free+waste,     6.06 KB ( <1%) overhead. 
       Both:      8.78 MB capacity,     7.19 MB ( 82%) used,     1.57 MB ( 18%) free+waste,    16.75 KB ( <1%) overhead. 

Virtual space:
  Non-class space:       12.00 MB reserved,       7.75 MB ( 65%) committed 
      Class space:        1.00 GB reserved,       1.25 MB ( <1%) committed 
             Both:        1.01 GB reserved,       9.00 MB ( <1%) committed 

Chunk freelists:
   Non-Class:  54.00 KB
       Class:  16.00 KB
        Both:  70.00 KB

MaxMetaspaceSize: 17179869184.00 GB
CompressedClassSpaceSize: 1.00 GB

CodeHeap 'non-profiled nmethods': size=120000Kb used=303Kb max_used=303Kb free=119696Kb
 bounds [0x0000025de22f0000, 0x0000025de2560000, 0x0000025de9820000]
CodeHeap 'profiled nmethods': size=120000Kb used=1853Kb max_used=1853Kb free=118147Kb
 bounds [0x0000025ddadc0000, 0x0000025ddb030000, 0x0000025de22f0000]
CodeHeap 'non-nmethods': size=5760Kb used=1176Kb max_used=1196Kb free=4583Kb
 bounds [0x0000025dda820000, 0x0000025ddaa90000, 0x0000025ddadc0000]
 total_blobs=1842 nmethods=926 adapters=337
 compilation: enabled
              stopped_count=0, restarted_count=0
 full_count=0

Compilation events (20 events):
Event: 1.599 Thread 0x0000025dee353800  836       3       java.lang.reflect.Executable::<init> (5 bytes)
Event: 1.599 Thread 0x0000025dee353800 nmethod 836 0x0000025ddaf5fc90 code [0x0000025ddaf5fe40, 0x0000025ddaf60078]
Event: 1.600 Thread 0x0000025dee353800  837       3       java.lang.reflect.ProxyGenerator$ConstantPool$IndirectEntry::write (61 bytes)
Event: 1.601 Thread 0x0000025dee353800 nmethod 837 0x0000025ddaf60190 code [0x0000025ddaf603c0, 0x0000025ddaf60dd0]
Event: 1.602 Thread 0x0000025dee353800  838       3       java.lang.Class::reflectionData (43 bytes)
Event: 1.602 Thread 0x0000025dee353800 nmethod 838 0x0000025ddaf61090 code [0x0000025ddaf61260, 0x0000025ddaf61700]
Event: 1.602 Thread 0x0000025dee353800  840       3       java.util.ArrayList::iterator (9 bytes)
Event: 1.603 Thread 0x0000025dee353800 nmethod 840 0x0000025ddaf61810 code [0x0000025ddaf619c0, 0x0000025ddaf61cd8]
Event: 1.603 Thread 0x0000025dee353800  841       3       java.util.ArrayList$Itr::<init> (26 bytes)
Event: 1.603 Thread 0x0000025dee353800 nmethod 841 0x0000025ddaf61e10 code [0x0000025ddaf61fc0, 0x0000025ddaf62218]
Event: 1.603 Thread 0x0000025dee353800  839       3       java.lang.reflect.ProxyGenerator::dotToSlash (9 bytes)
Event: 1.603 Thread 0x0000025dee353800 nmethod 839 0x0000025ddaf62310 code [0x0000025ddaf624c0, 0x0000025ddaf62650]
Event: 1.622 Thread 0x0000025dee353800  843       2       java.util.HashMap::getNode (148 bytes)
Event: 1.623 Thread 0x0000025dee353800 nmethod 843 0x0000025ddaf62710 code [0x0000025ddaf62900, 0x0000025ddaf62d50]
Event: 1.628 Thread 0x0000025dee353800  844       1       java.lang.ClassLoader::getUnnamedModule (5 bytes)
Event: 1.628 Thread 0x0000025dee353800 nmethod 844 0x0000025de232ff90 code [0x0000025de2330120, 0x0000025de2330258]
Event: 1.634 Thread 0x0000025dee353800  845       3       jdk.internal.reflect.ClassFileAssembler::emitByte (11 bytes)
Event: 1.634 Thread 0x0000025dee353800 nmethod 845 0x0000025ddaf62f90 code [0x0000025ddaf63140, 0x0000025ddaf63350]
Event: 1.634 Thread 0x0000025dee353800  846       3       jdk.internal.reflect.ByteVectorImpl::add (38 bytes)
Event: 1.634 Thread 0x0000025dee353800 nmethod 846 0x0000025ddaf63410 code [0x0000025ddaf635c0, 0x0000025ddaf63810]

GC Heap History (3 events):
Event: 0.289 GC heap before
{Heap before GC invocations=0 (full 0):
 garbage-first heap   total 65536K, used 14336K [0x00000000c1400000, 0x0000000100000000)
  region size 1024K, 14 young (14336K), 0 survivors (0K)
 Metaspace       used 272K, capacity 4500K, committed 4864K, reserved 1056768K
  class space    used 14K, capacity 388K, committed 512K, reserved 1048576K
}
Event: 0.296 GC heap after
{Heap after GC invocations=1 (full 0):
 garbage-first heap   total 65536K, used 1745K [0x00000000c1400000, 0x0000000100000000)
  region size 1024K, 1 young (1024K), 1 survivors (1024K)
 Metaspace       used 272K, capacity 4500K, committed 4864K, reserved 1056768K
  class space    used 14K, capacity 388K, committed 512K, reserved 1048576K
}
Event: 1.648 GC heap before
{Heap before GC invocations=1 (full 0):
 garbage-first heap   total 65536K, used 38609K [0x00000000c1400000, 0x0000000100000000)
  region size 1024K, 38 young (38912K), 1 survivors (1024K)
 Metaspace       used 5081K, capacity 7927K, committed 8192K, reserved 1060864K
  class space    used 717K, capacity 1007K, committed 1024K, reserved 1048576K
}

Deoptimization events (20 events):
Event: 1.605 Thread 0x0000025dd2321800 Uncommon trap: trap_request=0xffffffc6 fr.pc=0x0000025de232fa98 relative=0x00000000000004b8
Event: 1.605 Thread 0x0000025dd2321800 Uncommon trap: reason=bimorphic_or_optimized_type_check action=maybe_recompile pc=0x0000025de232fa98 method=java.util.HashMap.getNode(ILjava/lang/Object;)Ljava/util/HashMap$Node; @ 59 c2
Event: 1.605 Thread 0x0000025dd2321800 DEOPT PACKING pc=0x0000025de232fa98 sp=0x000000a2172fdae0
Event: 1.605 Thread 0x0000025dd2321800 DEOPT UNPACKING pc=0x0000025dda86912f sp=0x000000a2172fda58 mode 2
Event: 1.606 Thread 0x0000025dd2321800 Uncommon trap: trap_request=0xffffffc6 fr.pc=0x0000025de232fa98 relative=0x00000000000004b8
Event: 1.606 Thread 0x0000025dd2321800 Uncommon trap: reason=bimorphic_or_optimized_type_check action=maybe_recompile pc=0x0000025de232fa98 method=java.util.HashMap.getNode(ILjava/lang/Object;)Ljava/util/HashMap$Node; @ 59 c2
Event: 1.606 Thread 0x0000025dd2321800 DEOPT PACKING pc=0x0000025de232fa98 sp=0x000000a2172fdae0
Event: 1.606 Thread 0x0000025dd2321800 DEOPT UNPACKING pc=0x0000025dda86912f sp=0x000000a2172fda58 mode 2
Event: 1.607 Thread 0x0000025dd2321800 Uncommon trap: trap_request=0xffffffc6 fr.pc=0x0000025de232fa98 relative=0x00000000000004b8
Event: 1.607 Thread 0x0000025dd2321800 Uncommon trap: reason=bimorphic_or_optimized_type_check action=maybe_recompile pc=0x0000025de232fa98 method=java.util.HashMap.getNode(ILjava/lang/Object;)Ljava/util/HashMap$Node; @ 59 c2
Event: 1.607 Thread 0x0000025dd2321800 DEOPT PACKING pc=0x0000025de232fa98 sp=0x000000a2172fdae0
Event: 1.607 Thread 0x0000025dd2321800 DEOPT UNPACKING pc=0x0000025dda86912f sp=0x000000a2172fda58 mode 2
Event: 1.607 Thread 0x0000025dd2321800 Uncommon trap: trap_request=0xffffffc6 fr.pc=0x0000025de232faf4 relative=0x0000000000000514
Event: 1.607 Thread 0x0000025dd2321800 Uncommon trap: reason=bimorphic_or_optimized_type_check action=maybe_recompile pc=0x0000025de232faf4 method=java.util.HashMap.getNode(ILjava/lang/Object;)Ljava/util/HashMap$Node; @ 126 c2
Event: 1.607 Thread 0x0000025dd2321800 DEOPT PACKING pc=0x0000025de232faf4 sp=0x000000a2172fdae0
Event: 1.607 Thread 0x0000025dd2321800 DEOPT UNPACKING pc=0x0000025dda86912f sp=0x000000a2172fda58 mode 2
Event: 1.607 Thread 0x0000025dd2321800 Uncommon trap: trap_request=0xffffffc6 fr.pc=0x0000025de232fa98 relative=0x00000000000004b8
Event: 1.607 Thread 0x0000025dd2321800 Uncommon trap: reason=bimorphic_or_optimized_type_check action=maybe_recompile pc=0x0000025de232fa98 method=java.util.HashMap.getNode(ILjava/lang/Object;)Ljava/util/HashMap$Node; @ 59 c2
Event: 1.607 Thread 0x0000025dd2321800 DEOPT PACKING pc=0x0000025de232fa98 sp=0x000000a2172fdae0
Event: 1.607 Thread 0x0000025dd2321800 DEOPT UNPACKING pc=0x0000025dda86912f sp=0x000000a2172fda58 mode 2

Classes unloaded (0 events):
No events

Classes redefined (0 events):
No events

Internal exceptions (2 events):
Event: 0.604 Thread 0x0000025dd2321800 Exception <a 'java/lang/NoSuchMethodError'{0x00000000c3a52d18}: 'void java.lang.invoke.DelegatingMethodHandle$Holder.delegate(java.lang.Object, java.lang.Object, int, java.lang.Object)'> (0x00000000c3a52d18) 
thrown [t:/workspace/open/src/hotspot/share/interpreter/linkResolver.cpp, line 767]
Event: 0.607 Thread 0x0000025dd2321800 Exception <a 'java/lang/NoSuchMethodError'{0x00000000c3a59a18}: 'java.lang.Object java.lang.invoke.DirectMethodHandle$Holder.invokeStaticInit(java.lang.Object, java.lang.Object, java.lang.Object)'> (0x00000000c3a59a18) 
thrown [t:/workspace/open/src/hotspot/share/interpreter/linkResolver.cpp, line 767]

Events (20 events):
Event: 1.641 loading class org/hibernate/mapping/AttributeContainer done
Event: 1.642 loading class org/hibernate/mapping/Filterable
Event: 1.642 loading class org/hibernate/mapping/Filterable done
Event: 1.642 loading class org/hibernate/mapping/MetaAttributable
Event: 1.642 loading class org/hibernate/mapping/MetaAttributable done
Event: 1.643 Executing VM operation: CollectForMetadataAllocation
Event: 1.643 Executing VM operation: CollectForMetadataAllocation done
Event: 1.644 loading class org/hibernate/EntityMode
Event: 1.644 loading class org/hibernate/EntityMode done
Event: 1.645 loading class org/hibernate/tuple/entity/PojoEntityTuplizer
Event: 1.645 loading class org/hibernate/tuple/entity/PojoEntityTuplizer done
Event: 1.646 loading class org/hibernate/tuple/entity/AbstractEntityTuplizer
Event: 1.646 loading class org/hibernate/tuple/entity/AbstractEntityTuplizer done
Event: 1.647 loading class org/hibernate/tuple/entity/EntityTuplizer
Event: 1.647 loading class org/hibernate/tuple/entity/EntityTuplizer done
Event: 1.647 loading class org/hibernate/tuple/Tuplizer
Event: 1.647 loading class org/hibernate/tuple/Tuplizer done
Event: 1.648 loading class org/hibernate/tuple/entity/DynamicMapEntityTuplizer
Event: 1.648 loading class org/hibernate/tuple/entity/DynamicMapEntityTuplizer done
Event: 1.648 Executing VM operation: G1CollectForAllocation


Dynamic libraries:
0x00007ff784ee0000 - 0x00007ff784eef000 	C:\Program Files\Java\jdk-13.0.2\bin\javaw.exe
0x00007ffd9f350000 - 0x00007ffd9f531000 	C:\WINDOWS\SYSTEM32\ntdll.dll
0x00007ffd98040000 - 0x00007ffd98055000 	C:\Program Files\AVAST Software\Avast\aswhook.dll
0x00007ffd9c800000 - 0x00007ffd9c8b1000 	C:\WINDOWS\System32\KERNEL32.DLL
0x00007ffd9c190000 - 0x00007ffd9c403000 	C:\WINDOWS\System32\KERNELBASE.dll
0x00007ffd9c410000 - 0x00007ffd9c508000 	C:\WINDOWS\System32\ucrtbase.dll
0x00007ffd944a0000 - 0x00007ffd944b8000 	C:\Program Files\Java\jdk-13.0.2\bin\jli.dll
0x00007ffd9c9d0000 - 0x00007ffd9ca71000 	C:\WINDOWS\System32\ADVAPI32.dll
0x00007ffd9c930000 - 0x00007ffd9c9ce000 	C:\WINDOWS\System32\msvcrt.dll
0x00007ffd9d380000 - 0x00007ffd9d3db000 	C:\WINDOWS\System32\sechost.dll
0x00007ffd9ed90000 - 0x00007ffd9eeb4000 	C:\WINDOWS\System32\RPCRT4.dll
0x00007ffd9d3e0000 - 0x00007ffd9d570000 	C:\WINDOWS\System32\USER32.dll
0x00007ffd9c7b0000 - 0x00007ffd9c7d0000 	C:\WINDOWS\System32\win32u.dll
0x00007ffd9ce20000 - 0x00007ffd9ce48000 	C:\WINDOWS\System32\GDI32.dll
0x00007ffd9c510000 - 0x00007ffd9c6a1000 	C:\WINDOWS\System32\gdi32full.dll
0x00007ffd9c010000 - 0x00007ffd9c0af000 	C:\WINDOWS\System32\msvcp_win.dll
0x00007ffd943d0000 - 0x00007ffd943e5000 	C:\Program Files\Java\jdk-13.0.2\bin\VCRUNTIME140.dll
0x00007ffd87a60000 - 0x00007ffd87cc9000 	C:\WINDOWS\WinSxS\amd64_microsoft.windows.common-controls_6595b64144ccf1df_6.0.17134.1006_none_d3fbb8f77c940c3f\COMCTL32.dll
0x00007ffd9d050000 - 0x00007ffd9d371000 	C:\WINDOWS\System32\combase.dll
0x00007ffd9c0b0000 - 0x00007ffd9c129000 	C:\WINDOWS\System32\bcryptPrimitives.dll
0x00007ffd92f40000 - 0x00007ffd92f4a000 	C:\WINDOWS\SYSTEM32\VERSION.dll
0x00007ffd9d640000 - 0x00007ffd9d66d000 	C:\WINDOWS\System32\IMM32.DLL
0x00007ffd7b080000 - 0x00007ffd7b11b000 	C:\Program Files\Java\jdk-13.0.2\bin\msvcp140.dll
0x00007ffd62880000 - 0x00007ffd633dd000 	C:\Program Files\Java\jdk-13.0.2\bin\server\jvm.dll
0x00007ffd9c920000 - 0x00007ffd9c928000 	C:\WINDOWS\System32\PSAPI.DLL
0x00007ffd89fe0000 - 0x00007ffd89fe9000 	C:\WINDOWS\SYSTEM32\WSOCK32.dll
0x00007ffd9d5d0000 - 0x00007ffd9d63c000 	C:\WINDOWS\System32\WS2_32.dll
0x00007ffd99930000 - 0x00007ffd99953000 	C:\WINDOWS\SYSTEM32\WINMM.dll
0x00007ffd99900000 - 0x00007ffd9992a000 	C:\WINDOWS\SYSTEM32\WINMMBASE.dll
0x00007ffd9c760000 - 0x00007ffd9c7a9000 	C:\WINDOWS\System32\cfgmgr32.dll
0x00007ffd9b6b0000 - 0x00007ffd9b6c1000 	C:\WINDOWS\System32\kernel.appcore.dll
0x00007ffd941e0000 - 0x00007ffd941f0000 	C:\Program Files\Java\jdk-13.0.2\bin\verify.dll
0x00007ffd92910000 - 0x00007ffd92ad9000 	C:\WINDOWS\SYSTEM32\DBGHELP.DLL
0x00007ffd92f80000 - 0x00007ffd92fa9000 	C:\WINDOWS\SYSTEM32\dbgcore.DLL
0x00007ffd90080000 - 0x00007ffd900a6000 	C:\Program Files\Java\jdk-13.0.2\bin\java.dll
0x00007ffd8eb60000 - 0x00007ffd8eb77000 	C:\Program Files\Java\jdk-13.0.2\bin\zip.dll
0x00007ffd94190000 - 0x00007ffd9419a000 	C:\Program Files\Java\jdk-13.0.2\bin\jimage.dll
0x00007ffd9d940000 - 0x00007ffd9ed82000 	C:\WINDOWS\System32\SHELL32.dll
0x00007ffd9cd70000 - 0x00007ffd9ce19000 	C:\WINDOWS\System32\shcore.dll
0x00007ffd9b900000 - 0x00007ffd9c00e000 	C:\WINDOWS\System32\windows.storage.dll
0x00007ffd9cff0000 - 0x00007ffd9d041000 	C:\WINDOWS\System32\shlwapi.dll
0x00007ffd9b6f0000 - 0x00007ffd9b70f000 	C:\WINDOWS\System32\profapi.dll
0x00007ffd9b650000 - 0x00007ffd9b69c000 	C:\WINDOWS\System32\powrprof.dll
0x00007ffd9b6a0000 - 0x00007ffd9b6aa000 	C:\WINDOWS\System32\FLTLIB.DLL
0x00007ffd8e500000 - 0x00007ffd8e519000 	C:\Program Files\Java\jdk-13.0.2\bin\net.dll
0x00007ffd925b0000 - 0x00007ffd9268d000 	C:\WINDOWS\SYSTEM32\WINHTTP.dll
0x00007ffd9aed0000 - 0x00007ffd9af36000 	C:\WINDOWS\system32\mswsock.dll
0x00007ffd8c2e0000 - 0x00007ffd8c2f3000 	C:\Program Files\Java\jdk-13.0.2\bin\nio.dll

dbghelp: loaded successfully - version: 4.0.5 - missing functions: none
symbol engine: initialized successfully - sym options: 0x614 - pdb path: .;C:\Program Files\Java\jdk-13.0.2\bin;C:\WINDOWS\SYSTEM32;C:\Program Files\AVAST Software\Avast;C:\WINDOWS\WinSxS\amd64_microsoft.windows.common-controls_6595b64144ccf1df_6.0.17134.1006_none_d3fbb8f77c940c3f;C:\Program Files\Java\jdk-13.0.2\bin\server

VM Arguments:
jvm_args: -Dfile.encoding=UTF-8 
java_command: com.enigma.isma.App
java_class_path (initial): C:\enigma\week-6\tugas13\book_rental\target\classes;C:\Users\lenovo\.m2\repository\org\hibernate\hibernate-core\5.4.3.Final\hibernate-core-5.4.3.Final.jar;C:\Users\lenovo\.m2\repository\org\jboss\logging\jboss-logging\3.3.2.Final\jboss-logging-3.3.2.Final.jar;C:\Users\lenovo\.m2\repository\javax\persistence\javax.persistence-api\2.2\javax.persistence-api-2.2.jar;C:\Users\lenovo\.m2\repository\org\javassist\javassist\3.24.0-GA\javassist-3.24.0-GA.jar;C:\Users\lenovo\.m2\repository\net\bytebuddy\byte-buddy\1.9.10\byte-buddy-1.9.10.jar;C:\Users\lenovo\.m2\repository\antlr\antlr\2.7.7\antlr-2.7.7.jar;C:\Users\lenovo\.m2\repository\org\jboss\spec\javax\transaction\jboss-transaction-api_1.2_spec\1.1.1.Final\jboss-transaction-api_1.2_spec-1.1.1.Final.jar;C:\Users\lenovo\.m2\repository\org\jboss\jandex\2.0.5.Final\jandex-2.0.5.Final.jar;C:\Users\lenovo\.m2\repository\com\fasterxml\classmate\1.3.4\classmate-1.3.4.jar;C:\Users\lenovo\.m2\repository\javax\activation\javax.activation-api\1.2.0\javax.activation-api-1.2.0.jar;C:\Users\lenovo\.m2\repository\org\dom4j\dom4j\2.1.1\dom4j-2.1.1.jar;C:\Users\lenovo\.m2\repository\org\hibernate\common\hibernate-commons-annotations\5.1.0.Final\hibernate-commons-annotations-5.1.0.Final.jar;C:\Users\lenovo\.m2\repository\javax\xml\bind\jaxb-api\2.3.1\jaxb-api-2.3.1.jar;C:\Users\lenovo\.m2\repository\org\glassfish\jaxb\jaxb-runtime\2.3.1\jaxb-runtime-2.3.1.jar;C:\Users\lenovo\.m2\repository\org\glassfish\jaxb\txw2\2.3.1\txw2-2.3.1.jar;C:\Users\lenovo\.m2\repository\com\sun\istack\istack-commons-runtime\3.0.7\istack-commons-runtime-3.0.7.jar;C:\Users\lenovo\.m2\repository\org\jvnet\staxex\stax-ex\1.8\stax-ex-1.8.jar;C:\Users\lenovo\.m2\repository\com\sun\xml\fastinfoset\FastInfoset\1.2.15\FastInfoset-1.2.15.jar;C:\Users\lenovo\.m2\repository\mysql\mysql-connector-java\5.1.36\mysql-connector-java-5.1.36.jar
Launcher Type: SUN_STANDARD

[Global flags]
     intx CICompilerCount                          = 3                                         {product} {ergonomic}
     uint ConcGCThreads                            = 1                                         {product} {ergonomic}
     uint G1ConcRefinementThreads                  = 4                                         {product} {ergonomic}
   size_t G1HeapRegionSize                         = 1048576                                   {product} {ergonomic}
    uintx GCDrainStackTargetSize                   = 64                                        {product} {ergonomic}
   size_t InitialHeapSize                          = 67108864                                  {product} {ergonomic}
   size_t MarkStackSize                            = 4194304                                   {product} {ergonomic}
   size_t MaxHeapSize                              = 1052770304                                {product} {ergonomic}
   size_t MaxNewSize                               = 631242752                                 {product} {ergonomic}
   size_t MinHeapDeltaBytes                        = 1048576                                   {product} {ergonomic}
   size_t MinHeapSize                              = 8388608                                   {product} {ergonomic}
    uintx NonNMethodCodeHeapSize                   = 5832780                                {pd product} {ergonomic}
    uintx NonProfiledCodeHeapSize                  = 122912730                              {pd product} {ergonomic}
    uintx ProfiledCodeHeapSize                     = 122912730                              {pd product} {ergonomic}
    uintx ReservedCodeCacheSize                    = 251658240                              {pd product} {ergonomic}
     bool SegmentedCodeCache                       = true                                      {product} {ergonomic}
   size_t SoftMaxHeapSize                          = 1052770304                             {manageable} {ergonomic}
     bool UseCompressedClassPointers               = true                                 {lp64_product} {ergonomic}
     bool UseCompressedOops                        = true                                 {lp64_product} {ergonomic}
     bool UseG1GC                                  = true                                      {product} {ergonomic}
     bool UseLargePagesIndividualAllocation        = false                                  {pd product} {ergonomic}

Logging:
Log output configuration:
 #0: stdout all=warning uptime,level,tags
 #1: stderr all=off uptime,level,tags

Environment Variables:
JAVA_HOME=C:\Program Files (x86)\Java\jre1.8.0_241
PATH=C:/Program Files/Java/jdk-13.0.2/bin/server;C:/Program Files/Java/jdk-13.0.2/bin;C:\Program Files (x86)\Common Files\Oracle\Java\javapath;C:\WINDOWS\system32;C:\WINDOWS;C:\WINDOWS\System32\Wbem;C:\WINDOWS\System32\WindowsPowerShell\v1.0\;C:\Program Files\IBM\SPSS\Statistics\Subscription\JRE\bin;C:\WINDOWS\System32\OpenSSH\;C:\Program Files (x86)\Git\cmd;C:\apache-maven-3.6.3;C:\Users\lenovo\AppData\Local\Programs\Microsoft VS Code\bin;C:\Users\lenovo\Desktop;
USERNAME=lenovo
OS=Windows_NT
PROCESSOR_IDENTIFIER=Intel64 Family 6 Model 61 Stepping 4, GenuineIntel



---------------  S Y S T E M  ---------------

OS: Windows 10 , 64 bit Build 17134 (10.0.17134.753)

CPU:total 4 (initial active 4) (2 cores per cpu, 2 threads per core) family 6 model 61 stepping 4, cmov, cx8, fxsr, mmx, sse, sse2, sse3, ssse3, sse4.1, sse4.2, popcnt, avx, avx2, aes, clmul, erms, 3dnowpref, lzcnt, ht, tsc, tscinvbit, bmi1, bmi2, adx, fma

Memory: 4k page, system-wide physical 4008M (419M free)
TotalPageFile size 16296M (AvailPageFile size 13M)
current process WorkingSet (physical memory assigned to process): 91M, peak: 91M
current process commit charge ("private bytes"): 153M, peak: 153M

vm_info: Java HotSpot(TM) 64-Bit Server VM (13.0.2+8) for windows-amd64 JRE (13.0.2+8), built on Dec 11 2019 09:20:33 by "mach5one" with unknown MS VC++:1916

END.
